c:\users\ld\desktop\x265\encoder\encoder.dir\release\search.obj
c:\users\ld\desktop\x265\encoder\encoder.dir\release\framefilter.obj
c:\users\ld\desktop\x265\encoder\encoder.dir\release\entropy.obj
c:\users\ld\desktop\x265\encoder\encoder.dir\release\encoder.obj
c:\users\ld\desktop\x265\encoder\encoder.dir\release\motion.obj
c:\users\ld\desktop\x265\encoder\encoder.dir\release\nal.obj
c:\users\ld\desktop\x265\encoder\encoder.dir\release\sao.obj
c:\users\ld\desktop\x265\encoder\encoder.dir\release\reference.obj
c:\users\ld\desktop\x265\encoder\encoder.dir\release\api.obj
c:\users\ld\desktop\x265\encoder\encoder.dir\release\bitcost.obj
c:\users\ld\desktop\x265\encoder\encoder.dir\release\slicetype.obj
c:\users\ld\desktop\x265\encoder\encoder.dir\release\level.obj
c:\users\ld\desktop\x265\encoder\encoder.dir\release\sei.obj
c:\users\ld\desktop\x265\encoder\encoder.dir\release\dpb.obj
c:\users\ld\desktop\x265\encoder\encoder.dir\release\weightprediction.obj
c:\users\ld\desktop\x265\encoder\encoder.dir\release\analysis.obj
c:\users\ld\desktop\x265\encoder\encoder.dir\release\frameencoder.obj
c:\users\ld\desktop\x265\encoder\encoder.dir\release\ratecontrol.obj
c:\users\ld\desktop\x265\encoder\encoder.dir\release\x265-extras.obj
c:\users\ld\desktop\x265\encoder\cmakefiles\generate.stamp
c:\users\ld\desktop\x265\encoder\encoder.dir\release\encoder.lib
c:\users\ld\desktop\x265\encoder\encoder.dir\release\encoder.tlog\cl.command.1.tlog
c:\users\ld\desktop\x265\encoder\encoder.dir\release\encoder.tlog\cl.read.1.tlog
c:\users\ld\desktop\x265\encoder\encoder.dir\release\encoder.tlog\cl.write.1.tlog
c:\users\ld\desktop\x265\encoder\encoder.dir\release\encoder.tlog\custombuild.command.1.tlog
c:\users\ld\desktop\x265\encoder\encoder.dir\release\encoder.tlog\custombuild.read.1.tlog
c:\users\ld\desktop\x265\encoder\encoder.dir\release\encoder.tlog\custombuild.write.1.tlog
c:\users\ld\desktop\x265\encoder\encoder.dir\release\encoder.tlog\lib-link.read.1.tlog
c:\users\ld\desktop\x265\encoder\encoder.dir\release\encoder.tlog\lib-link.write.1.tlog
c:\users\ld\desktop\x265\encoder\encoder.dir\release\encoder.tlog\lib.command.1.tlog
