c:\users\ld\desktop\x265\cli.dir\release\reconplay.obj
c:\users\ld\desktop\x265\cli.dir\release\x265.obj
c:\users\ld\desktop\x265\cli.dir\release\output.obj
c:\users\ld\desktop\x265\cli.dir\release\raw.obj
c:\users\ld\desktop\x265\cli.dir\release\input.obj
c:\users\ld\desktop\x265\cli.dir\release\vc120.pdb
c:\users\ld\desktop\x265\cli.dir\release\input\yuv.cpp.obj
c:\users\ld\desktop\x265\cli.dir\release\input\y4m.cpp.obj
c:\users\ld\desktop\x265\cli.dir\release\output\yuv.cpp.obj
c:\users\ld\desktop\x265\cli.dir\release\output\y4m.cpp.obj
c:\users\ld\desktop\x265\cli.dir\release\getopt.obj
c:\users\ld\desktop\x265\release\x265.lib
c:\users\ld\desktop\x265\release\x265.exp
c:\users\ld\desktop\x265\cmakefiles\generate.stamp
c:\users\ld\desktop\x265\release\x265.exe
c:\users\ld\desktop\x265\release\x265.pdb
c:\users\ld\desktop\x265\cli.dir\release\x265.res
c:\users\ld\desktop\x265\cli.dir\release\cli.tlog\cl.command.1.tlog
c:\users\ld\desktop\x265\cli.dir\release\cli.tlog\cl.read.1.tlog
c:\users\ld\desktop\x265\cli.dir\release\cli.tlog\cl.write.1.tlog
c:\users\ld\desktop\x265\cli.dir\release\cli.tlog\cli.write.1u.tlog
c:\users\ld\desktop\x265\cli.dir\release\cli.tlog\custombuild.command.1.tlog
c:\users\ld\desktop\x265\cli.dir\release\cli.tlog\custombuild.read.1.tlog
c:\users\ld\desktop\x265\cli.dir\release\cli.tlog\custombuild.write.1.tlog
c:\users\ld\desktop\x265\cli.dir\release\cli.tlog\link.command.1.tlog
c:\users\ld\desktop\x265\cli.dir\release\cli.tlog\link.read.1.tlog
c:\users\ld\desktop\x265\cli.dir\release\cli.tlog\link.write.1.tlog
c:\users\ld\desktop\x265\cli.dir\release\cli.tlog\rc.command.1.tlog
c:\users\ld\desktop\x265\cli.dir\release\cli.tlog\rc.read.1.tlog
c:\users\ld\desktop\x265\cli.dir\release\cli.tlog\rc.write.1.tlog
