c:\users\ld\appdata\locallow\sogoupy\components\componentconfig.ini
c:\users\ld\appdata\locallow\sogoupy\verify.ini
c:\users\ld\desktop\x265\encoder\encoder.dir\debug\bitcost.nativecodeanalysis.xml
c:\users\ld\desktop\x265\encoder\encoder.dir\debug\bitcost.obj
c:\users\ld\desktop\x265\encoder\encoder.dir\debug\frameencoder.nativecodeanalysis.xml
c:\users\ld\desktop\x265\encoder\encoder.dir\debug\frameencoder.obj
c:\users\ld\desktop\x265\encoder\encoder.dir\debug\ratecontrol.nativecodeanalysis.xml
c:\users\ld\desktop\x265\encoder\encoder.dir\debug\ratecontrol.obj
d:\program\sogouinput\components\picface\1.1.0.1819\picfacedata\sgim_pf_ckey_bak.bin
d:\program\sogouinput\components\picface\1.1.0.1819\picfacedata\sgim_pf_ckey.bin
c:\users\ld\desktop\x265\encoder\encoder.dir\debug\motion.nativecodeanalysis.xml
c:\users\ld\desktop\x265\encoder\encoder.dir\debug\motion.obj
c:\users\ld\desktop\x265\encoder\encoder.dir\debug\slicetype.nativecodeanalysis.xml
c:\users\ld\desktop\x265\encoder\encoder.dir\debug\slicetype.obj
c:\users\ld\desktop\x265\encoder\encoder.dir\debug\nal.nativecodeanalysis.xml
c:\users\ld\desktop\x265\encoder\encoder.dir\debug\nal.obj
c:\users\ld\desktop\x265\encoder\encoder.dir\debug\sao.nativecodeanalysis.xml
c:\users\ld\desktop\x265\encoder\encoder.dir\debug\sao.obj
c:\users\ld\desktop\x265\encoder\encoder.dir\debug\reference.nativecodeanalysis.xml
c:\users\ld\desktop\x265\encoder\encoder.dir\debug\reference.obj
c:\users\ld\desktop\x265\encoder\encoder.dir\debug\weightprediction.nativecodeanalysis.xml
c:\users\ld\desktop\x265\encoder\encoder.dir\debug\weightprediction.obj
c:\users\ld\desktop\x265\encoder\encoder.dir\debug\analysis.nativecodeanalysis.xml
c:\users\ld\desktop\x265\encoder\encoder.dir\debug\analysis.obj
c:\users\ld\desktop\x265\encoder\encoder.dir\debug\level.nativecodeanalysis.xml
c:\users\ld\desktop\x265\encoder\encoder.dir\debug\level.obj
c:\users\ld\desktop\x265\encoder\encoder.dir\debug\dpb.nativecodeanalysis.xml
c:\users\ld\desktop\x265\encoder\encoder.dir\debug\dpb.obj
c:\users\ld\desktop\x265\encoder\encoder.dir\debug\api.nativecodeanalysis.xml
c:\users\ld\desktop\x265\encoder\encoder.dir\debug\api.obj
c:\users\ld\desktop\x265\encoder\encoder.dir\debug\x265-extras.nativecodeanalysis.xml
c:\users\ld\desktop\x265\encoder\encoder.dir\debug\x265-extras.obj
c:\users\ld\desktop\x265\encoder\encoder.dir\debug\search.nativecodeanalysis.xml
c:\users\ld\desktop\x265\encoder\encoder.dir\debug\search.obj
c:\users\ld\desktop\x265\encoder\encoder.dir\debug\framefilter.nativecodeanalysis.xml
c:\users\ld\desktop\x265\encoder\encoder.dir\debug\framefilter.obj
c:\users\ld\desktop\x265\encoder\encoder.dir\debug\sei.nativecodeanalysis.xml
c:\users\ld\desktop\x265\encoder\encoder.dir\debug\sei.obj
c:\users\ld\desktop\x265\encoder\encoder.dir\debug\entropy.nativecodeanalysis.xml
c:\users\ld\desktop\x265\encoder\encoder.dir\debug\entropy.obj
c:\users\ld\desktop\x265\encoder\encoder.dir\debug\encoder.nativecodeanalysis.xml
c:\users\ld\desktop\x265\encoder\encoder.dir\debug\encoder.obj
c:\users\ld\desktop\x265\encoder\encoder.dir\debug\vc120.pdb
c:\users\ld\desktop\x265\encoder\cmakefiles\generate.stamp
c:\users\ld\desktop\x265\encoder\encoder.dir\debug\encoder.lib
c:\users\ld\desktop\x265\encoder\encoder.dir\debug\nativecodeanalysis.read.1.tlog
c:\users\ld\desktop\x265\encoder\encoder.dir\debug\vc.nativecodeanalysis.all.xml
c:\users\ld\desktop\x265\encoder\encoder.dir\debug\encoder.tlog\cl.1240.read.14.tlog
c:\users\ld\desktop\x265\encoder\encoder.dir\debug\encoder.tlog\cl.1240.read.26.tlog
c:\users\ld\desktop\x265\encoder\encoder.dir\debug\encoder.tlog\cl.1240.read.34.tlog
c:\users\ld\desktop\x265\encoder\encoder.dir\debug\encoder.tlog\cl.1240.read.4.tlog
c:\users\ld\desktop\x265\encoder\encoder.dir\debug\encoder.tlog\cl.1240.read.5.tlog
c:\users\ld\desktop\x265\encoder\encoder.dir\debug\encoder.tlog\cl.1240.read.6.tlog
c:\users\ld\desktop\x265\encoder\encoder.dir\debug\encoder.tlog\cl.1240.write.5.tlog
c:\users\ld\desktop\x265\encoder\encoder.dir\debug\encoder.tlog\cl.1240.write.6.tlog
c:\users\ld\desktop\x265\encoder\encoder.dir\debug\encoder.tlog\cl.14180.read.14.tlog
c:\users\ld\desktop\x265\encoder\encoder.dir\debug\encoder.tlog\cl.14180.read.26.tlog
c:\users\ld\desktop\x265\encoder\encoder.dir\debug\encoder.tlog\cl.14180.read.4.tlog
c:\users\ld\desktop\x265\encoder\encoder.dir\debug\encoder.tlog\cl.14180.read.42.tlog
c:\users\ld\desktop\x265\encoder\encoder.dir\debug\encoder.tlog\cl.14180.read.6.tlog
c:\users\ld\desktop\x265\encoder\encoder.dir\debug\encoder.tlog\cl.14180.read.60.tlog
c:\users\ld\desktop\x265\encoder\encoder.dir\debug\encoder.tlog\cl.14180.read.8.tlog
c:\users\ld\desktop\x265\encoder\encoder.dir\debug\encoder.tlog\cl.14180.write.6.tlog
c:\users\ld\desktop\x265\encoder\encoder.dir\debug\encoder.tlog\cl.14180.write.8.tlog
c:\users\ld\desktop\x265\encoder\encoder.dir\debug\encoder.tlog\cl.14184.read.13.tlog
c:\users\ld\desktop\x265\encoder\encoder.dir\debug\encoder.tlog\cl.14184.read.33.tlog
c:\users\ld\desktop\x265\encoder\encoder.dir\debug\encoder.tlog\cl.14184.read.4.tlog
c:\users\ld\desktop\x265\encoder\encoder.dir\debug\encoder.tlog\cl.14184.read.41.tlog
c:\users\ld\desktop\x265\encoder\encoder.dir\debug\encoder.tlog\cl.14184.read.5.tlog
c:\users\ld\desktop\x265\encoder\encoder.dir\debug\encoder.tlog\cl.14184.write.5.tlog
c:\users\ld\desktop\x265\encoder\encoder.dir\debug\encoder.tlog\cl.14268.read.13.tlog
c:\users\ld\desktop\x265\encoder\encoder.dir\debug\encoder.tlog\cl.14268.read.25.tlog
c:\users\ld\desktop\x265\encoder\encoder.dir\debug\encoder.tlog\cl.14268.read.4.tlog
c:\users\ld\desktop\x265\encoder\encoder.dir\debug\encoder.tlog\cl.14268.read.41.tlog
c:\users\ld\desktop\x265\encoder\encoder.dir\debug\encoder.tlog\cl.14268.read.5.tlog
c:\users\ld\desktop\x265\encoder\encoder.dir\debug\encoder.tlog\cl.14268.read.51.tlog
c:\users\ld\desktop\x265\encoder\encoder.dir\debug\encoder.tlog\cl.14268.read.8.tlog
c:\users\ld\desktop\x265\encoder\encoder.dir\debug\encoder.tlog\cl.14268.write.5.tlog
c:\users\ld\desktop\x265\encoder\encoder.dir\debug\encoder.tlog\cl.14268.write.8.tlog
c:\users\ld\desktop\x265\encoder\encoder.dir\debug\encoder.tlog\cl.command.1.tlog
c:\users\ld\desktop\x265\encoder\encoder.dir\debug\encoder.tlog\cl.read.1.tlog
c:\users\ld\desktop\x265\encoder\encoder.dir\debug\encoder.tlog\cl.write.1.tlog
c:\users\ld\desktop\x265\encoder\encoder.dir\debug\encoder.tlog\custombuild.command.1.tlog
c:\users\ld\desktop\x265\encoder\encoder.dir\debug\encoder.tlog\custombuild.read.1.tlog
c:\users\ld\desktop\x265\encoder\encoder.dir\debug\encoder.tlog\custombuild.write.1.tlog
c:\users\ld\desktop\x265\encoder\encoder.dir\debug\encoder.tlog\lib-link.read.1.tlog
c:\users\ld\desktop\x265\encoder\encoder.dir\debug\encoder.tlog\lib-link.write.1.tlog
c:\users\ld\desktop\x265\encoder\encoder.dir\debug\encoder.tlog\lib.command.1.tlog
