生成启动时间为 2019/4/15 15:04:39。
     1>项目“C:\Users\ld\Desktop\x265\encoder\encoder.vcxproj”在节点 3 上(Build 个目标)。
     1>ClCompile:
         C:\Program Files (x86)\Microsoft Visual Studio 12.0\VC\bin\x86_amd64\CL.exe /c /I"C:\Users\ld\Desktop\multicoreware-x265-f8ae7afc1f61\source\." /I"C:\Users\ld\Desktop\multicoreware-x265-f8ae7afc1f61\source\common" /I"C:\Users\ld\Desktop\multicoreware-x265-f8ae7afc1f61\source\encoder" /IC:\Users\ld\Desktop\x265 /Zi /nologo /W4 /WX- /MP /Od /Ob2 /D WIN32 /D _WINDOWS /D X265_ARCH_X86=1 /D X86_64=1 /D _CRT_SECURE_NO_WARNINGS /D HAVE_INT_TYPES_H=1 /D HIGH_BIT_DEPTH=0 /D X265_DEPTH=8 /D EXPORT_C_API=1 /D X265_NS=x265 /D _WIN32_WINNT=_WIN32_WINNT_WIN7 /D "CMAKE_INTDIR=\"Debug\"" /D _MBCS /Gm- /EHsc /RTC1 /MDd /GS /fp:precise /Zc:wchar_t /Zc:forScope /GR /Fo"encoder.dir\Debug\\" /Fd"encoder.dir\Debug\vc120.pdb" /Gd /TP /wd4701 /errorReport:prompt "C:\Users\ld\Desktop\multicoreware-x265-f8ae7afc1f61\source\encoder\analysis.cpp" "C:\Users\ld\Desktop\multicoreware-x265-f8ae7afc1f61\source\encoder\api.cpp" "C:\Users\ld\Desktop\multicoreware-x265-f8ae7afc1f61\source\encoder\bitcost.cpp" "C:\Users\ld\Desktop\multicoreware-x265-f8ae7afc1f61\source\encoder\dpb.cpp" "C:\Users\ld\Desktop\multicoreware-x265-f8ae7afc1f61\source\encoder\encoder.cpp" "C:\Users\ld\Desktop\multicoreware-x265-f8ae7afc1f61\source\encoder\entropy.cpp" "C:\Users\ld\Desktop\multicoreware-x265-f8ae7afc1f61\source\encoder\frameencoder.cpp" "C:\Users\ld\Desktop\multicoreware-x265-f8ae7afc1f61\source\encoder\framefilter.cpp" "C:\Users\ld\Desktop\multicoreware-x265-f8ae7afc1f61\source\encoder\level.cpp" "C:\Users\ld\Desktop\multicoreware-x265-f8ae7afc1f61\source\encoder\motion.cpp" "C:\Users\ld\Desktop\multicoreware-x265-f8ae7afc1f61\source\encoder\nal.cpp" "C:\Users\ld\Desktop\multicoreware-x265-f8ae7afc1f61\source\encoder\ratecontrol.cpp" "C:\Users\ld\Desktop\multicoreware-x265-f8ae7afc1f61\source\encoder\reference.cpp" "C:\Users\ld\Desktop\multicoreware-x265-f8ae7afc1f61\source\encoder\sao.cpp" "C:\Users\ld\Desktop\multicoreware-x265-f8ae7afc1f61\source\encoder\search.cpp" "C:\Users\ld\Desktop\multicoreware-x265-f8ae7afc1f61\source\encoder\sei.cpp" "C:\Users\ld\Desktop\multicoreware-x265-f8ae7afc1f61\source\encoder\slicetype.cpp" "C:\Users\ld\Desktop\multicoreware-x265-f8ae7afc1f61\source\encoder\weightPrediction.cpp" "C:\Users\ld\Desktop\multicoreware-x265-f8ae7afc1f61\source\x265-extras.cpp"
         analysis.cpp
         api.cpp
         bitcost.cpp
         dpb.cpp
     1>C:\Users\ld\Desktop\multicoreware-x265-f8ae7afc1f61\source\x265.h : warning C4819: 该文件包含不能在当前代码页(936)中表示的字符。请将该文件保存为 Unicode 格式以防止数据丢失 (C:\Users\ld\Desktop\multicoreware-x265-f8ae7afc1f61\source\encoder\analysis.cpp)
     1>C:\Users\ld\Desktop\multicoreware-x265-f8ae7afc1f61\source\x265.h : warning C4819: 该文件包含不能在当前代码页(936)中表示的字符。请将该文件保存为 Unicode 格式以防止数据丢失 (C:\Users\ld\Desktop\multicoreware-x265-f8ae7afc1f61\source\encoder\dpb.cpp)
     1>C:\Users\ld\Desktop\multicoreware-x265-f8ae7afc1f61\source\x265.h : warning C4819: 该文件包含不能在当前代码页(936)中表示的字符。请将该文件保存为 Unicode 格式以防止数据丢失 (C:\Users\ld\Desktop\multicoreware-x265-f8ae7afc1f61\source\encoder\bitcost.cpp)
     1>C:\Users\ld\Desktop\multicoreware-x265-f8ae7afc1f61\source\x265.h : warning C4819: 该文件包含不能在当前代码页(936)中表示的字符。请将该文件保存为 Unicode 格式以防止数据丢失 (C:\Users\ld\Desktop\multicoreware-x265-f8ae7afc1f61\source\encoder\api.cpp)
     1>c:\users\ld\desktop\multicoreware-x265-f8ae7afc1f61\source\encoder\rdcost.h(59): warning C4189: “slice_qp”: 局部变量已初始化但不引用 (C:\Users\ld\Desktop\multicoreware-x265-f8ae7afc1f61\source\encoder\analysis.cpp)
         encoder.cpp
     1>C:\Users\ld\Desktop\multicoreware-x265-f8ae7afc1f61\source\x265.h : warning C4819: 该文件包含不能在当前代码页(936)中表示的字符。请将该文件保存为 Unicode 格式以防止数据丢失 (C:\Users\ld\Desktop\multicoreware-x265-f8ae7afc1f61\source\encoder\encoder.cpp)
         entropy.cpp
     1>c:\users\ld\desktop\multicoreware-x265-f8ae7afc1f61\source\encoder\rdcost.h(59): warning C4189: “slice_qp”: 局部变量已初始化但不引用 (C:\Users\ld\Desktop\multicoreware-x265-f8ae7afc1f61\source\encoder\encoder.cpp)
         frameencoder.cpp
     1>C:\Users\ld\Desktop\multicoreware-x265-f8ae7afc1f61\source\x265.h : warning C4819: 该文件包含不能在当前代码页(936)中表示的字符。请将该文件保存为 Unicode 格式以防止数据丢失 (C:\Users\ld\Desktop\multicoreware-x265-f8ae7afc1f61\source\encoder\entropy.cpp)
         framefilter.cpp
         level.cpp
     1>C:\Users\ld\Desktop\multicoreware-x265-f8ae7afc1f61\source\x265.h : warning C4819: 该文件包含不能在当前代码页(936)中表示的字符。请将该文件保存为 Unicode 格式以防止数据丢失 (C:\Users\ld\Desktop\multicoreware-x265-f8ae7afc1f61\source\encoder\frameencoder.cpp)
     1>C:\Users\ld\Desktop\multicoreware-x265-f8ae7afc1f61\source\x265.h : warning C4819: 该文件包含不能在当前代码页(936)中表示的字符。请将该文件保存为 Unicode 格式以防止数据丢失 (C:\Users\ld\Desktop\multicoreware-x265-f8ae7afc1f61\source\encoder\level.cpp)
     1>C:\Users\ld\Desktop\multicoreware-x265-f8ae7afc1f61\source\x265.h : warning C4819: 该文件包含不能在当前代码页(936)中表示的字符。请将该文件保存为 Unicode 格式以防止数据丢失 (C:\Users\ld\Desktop\multicoreware-x265-f8ae7afc1f61\source\encoder\framefilter.cpp)
     1>c:\users\ld\desktop\multicoreware-x265-f8ae7afc1f61\source\encoder\rdcost.h(59): warning C4189: “slice_qp”: 局部变量已初始化但不引用 (C:\Users\ld\Desktop\multicoreware-x265-f8ae7afc1f61\source\encoder\frameencoder.cpp)
         motion.cpp
     1>C:\Users\ld\Desktop\multicoreware-x265-f8ae7afc1f61\source\encoder\frameencoder.cpp(833): warning C4189: “slice”: 局部变量已初始化但不引用
         nal.cpp
     1>C:\Users\ld\Desktop\multicoreware-x265-f8ae7afc1f61\source\x265.h : warning C4819: 该文件包含不能在当前代码页(936)中表示的字符。请将该文件保存为 Unicode 格式以防止数据丢失 (C:\Users\ld\Desktop\multicoreware-x265-f8ae7afc1f61\source\encoder\motion.cpp)
     1>c:\users\ld\desktop\multicoreware-x265-f8ae7afc1f61\source\encoder\rdcost.h(59): warning C4189: “slice_qp”: 局部变量已初始化但不引用 (C:\Users\ld\Desktop\multicoreware-x265-f8ae7afc1f61\source\encoder\framefilter.cpp)
     1>C:\Users\ld\Desktop\multicoreware-x265-f8ae7afc1f61\source\x265.h : warning C4819: 该文件包含不能在当前代码页(936)中表示的字符。请将该文件保存为 Unicode 格式以防止数据丢失 (C:\Users\ld\Desktop\multicoreware-x265-f8ae7afc1f61\source\encoder\nal.cpp)
         ratecontrol.cpp
         reference.cpp
         sao.cpp
     1>C:\Users\ld\Desktop\multicoreware-x265-f8ae7afc1f61\source\x265.h : warning C4819: 该文件包含不能在当前代码页(936)中表示的字符。请将该文件保存为 Unicode 格式以防止数据丢失 (C:\Users\ld\Desktop\multicoreware-x265-f8ae7afc1f61\source\encoder\reference.cpp)
     1>C:\Users\ld\Desktop\multicoreware-x265-f8ae7afc1f61\source\x265.h : warning C4819: 该文件包含不能在当前代码页(936)中表示的字符。请将该文件保存为 Unicode 格式以防止数据丢失 (C:\Users\ld\Desktop\multicoreware-x265-f8ae7afc1f61\source\encoder\ratecontrol.cpp)
         search.cpp
     1>C:\Users\ld\Desktop\multicoreware-x265-f8ae7afc1f61\source\x265.h : warning C4819: 该文件包含不能在当前代码页(936)中表示的字符。请将该文件保存为 Unicode 格式以防止数据丢失 (C:\Users\ld\Desktop\multicoreware-x265-f8ae7afc1f61\source\encoder\sao.cpp)
     1>C:\Users\ld\Desktop\multicoreware-x265-f8ae7afc1f61\source\x265.h : warning C4819: 该文件包含不能在当前代码页(936)中表示的字符。请将该文件保存为 Unicode 格式以防止数据丢失 (C:\Users\ld\Desktop\multicoreware-x265-f8ae7afc1f61\source\encoder\search.cpp)
         sei.cpp
     1>C:\Users\ld\Desktop\multicoreware-x265-f8ae7afc1f61\source\x265.h : warning C4819: 该文件包含不能在当前代码页(936)中表示的字符。请将该文件保存为 Unicode 格式以防止数据丢失 (C:\Users\ld\Desktop\multicoreware-x265-f8ae7afc1f61\source\encoder\sei.cpp)
         slicetype.cpp
     1>c:\users\ld\desktop\multicoreware-x265-f8ae7afc1f61\source\encoder\rdcost.h(59): warning C4189: “slice_qp”: 局部变量已初始化但不引用 (C:\Users\ld\Desktop\multicoreware-x265-f8ae7afc1f61\source\encoder\search.cpp)
     1>C:\Users\ld\Desktop\multicoreware-x265-f8ae7afc1f61\source\x265.h : warning C4819: 该文件包含不能在当前代码页(936)中表示的字符。请将该文件保存为 Unicode 格式以防止数据丢失 (C:\Users\ld\Desktop\multicoreware-x265-f8ae7afc1f61\source\encoder\slicetype.cpp)
         weightPrediction.cpp
     1>C:\Users\ld\Desktop\multicoreware-x265-f8ae7afc1f61\source\x265.h : warning C4819: 该文件包含不能在当前代码页(936)中表示的字符。请将该文件保存为 Unicode 格式以防止数据丢失 (C:\Users\ld\Desktop\multicoreware-x265-f8ae7afc1f61\source\encoder\weightPrediction.cpp)
     1>C:\Users\ld\Desktop\multicoreware-x265-f8ae7afc1f61\source\encoder\slicetype.cpp(2158): warning C4244: “=”: 从“double”转换到“int32_t”，可能丢失数据
     1>C:\Users\ld\Desktop\multicoreware-x265-f8ae7afc1f61\source\encoder\slicetype.cpp(2162): warning C4244: “=”: 从“double”转换到“int32_t”，可能丢失数据
     1>C:\Users\ld\Desktop\multicoreware-x265-f8ae7afc1f61\source\encoder\slicetype.cpp(2169): warning C4244: “=”: 从“double”转换到“int32_t”，可能丢失数据
     1>C:\Users\ld\Desktop\multicoreware-x265-f8ae7afc1f61\source\encoder\slicetype.cpp(2173): warning C4244: “=”: 从“double”转换到“int32_t”，可能丢失数据
         x265-extras.cpp
     1>c:\users\ld\desktop\multicoreware-x265-f8ae7afc1f61\source\x265.h : warning C4819: 该文件包含不能在当前代码页(936)中表示的字符。请将该文件保存为 Unicode 格式以防止数据丢失 (C:\Users\ld\Desktop\multicoreware-x265-f8ae7afc1f61\source\x265-extras.cpp)
       Lib:
         C:\Program Files (x86)\Microsoft Visual Studio 12.0\VC\bin\x86_amd64\Lib.exe /OUT:"encoder.dir\Debug\encoder.lib" /NOLOGO /MACHINE:X64  /machine:x64 encoder.dir\Debug\analysis.obj
         encoder.dir\Debug\search.obj
         encoder.dir\Debug\bitcost.obj
         encoder.dir\Debug\motion.obj
         encoder.dir\Debug\slicetype.obj
         encoder.dir\Debug\frameencoder.obj
         encoder.dir\Debug\framefilter.obj
         encoder.dir\Debug\level.obj
         encoder.dir\Debug\nal.obj
         encoder.dir\Debug\sei.obj
         encoder.dir\Debug\sao.obj
         encoder.dir\Debug\entropy.obj
         encoder.dir\Debug\dpb.obj
         encoder.dir\Debug\ratecontrol.obj
         encoder.dir\Debug\reference.obj
         encoder.dir\Debug\encoder.obj
         encoder.dir\Debug\api.obj
         encoder.dir\Debug\weightPrediction.obj
         "encoder.dir\Debug\x265-extras.obj"
         encoder.vcxproj -> C:\Users\ld\Desktop\x265\encoder\encoder.dir\Debug\encoder.lib
     1>已完成生成项目“C:\Users\ld\Desktop\x265\encoder\encoder.vcxproj”(Build 个目标)的操作。

生成成功。

已用时间 00:00:09.67
