c:\users\ld\desktop\x265\cli.dir\debug\input.obj
c:\users\ld\desktop\x265\cli.dir\debug\reconplay.obj
c:\users\ld\desktop\x265\cli.dir\debug\output.obj
c:\users\ld\desktop\x265\cli.dir\debug\x265.obj
c:\users\ld\desktop\x265\cli.dir\debug\raw.obj
c:\users\ld\desktop\x265\cli.dir\debug\vc120.pdb
c:\users\ld\desktop\x265\cli.dir\debug\input\yuv.cpp.obj
c:\users\ld\desktop\x265\cli.dir\debug\input\y4m.cpp.obj
c:\users\ld\desktop\x265\cli.dir\debug\output\yuv.cpp.obj
c:\users\ld\desktop\x265\cli.dir\debug\output\y4m.cpp.obj
c:\users\ld\desktop\x265\cli.dir\debug\getopt.obj
c:\users\ld\desktop\x265\debug\x265.lib
c:\users\ld\desktop\x265\debug\x265.exp
c:\users\ld\desktop\x265\cmakefiles\generate.stamp
c:\users\ld\desktop\x265\debug\x265.ilk
c:\users\ld\desktop\x265\debug\x265.exe
c:\users\ld\desktop\x265\debug\x265.pdb
c:\users\ld\desktop\x265\cli.dir\debug\x265.res
c:\users\ld\desktop\x265\cli.dir\debug\cli.tlog\cl.command.1.tlog
c:\users\ld\desktop\x265\cli.dir\debug\cli.tlog\cl.read.1.tlog
c:\users\ld\desktop\x265\cli.dir\debug\cli.tlog\cl.write.1.tlog
c:\users\ld\desktop\x265\cli.dir\debug\cli.tlog\cli.write.1u.tlog
c:\users\ld\desktop\x265\cli.dir\debug\cli.tlog\custombuild.command.1.tlog
c:\users\ld\desktop\x265\cli.dir\debug\cli.tlog\custombuild.read.1.tlog
c:\users\ld\desktop\x265\cli.dir\debug\cli.tlog\custombuild.write.1.tlog
c:\users\ld\desktop\x265\cli.dir\debug\cli.tlog\link.command.1.tlog
c:\users\ld\desktop\x265\cli.dir\debug\cli.tlog\link.read.1.tlog
c:\users\ld\desktop\x265\cli.dir\debug\cli.tlog\link.write.1.tlog
c:\users\ld\desktop\x265\cli.dir\debug\cli.tlog\rc.command.1.tlog
c:\users\ld\desktop\x265\cli.dir\debug\cli.tlog\rc.read.1.tlog
c:\users\ld\desktop\x265\cli.dir\debug\cli.tlog\rc.write.1.tlog
