c:\users\ld\desktop\x265\common\common.dir\release\primitives.obj
c:\users\ld\desktop\x265\common\common.dir\release\ipfilter.obj
c:\users\ld\desktop\x265\common\common.dir\release\picyuv.obj
c:\users\ld\desktop\x265\common\common.dir\release\frame.obj
c:\users\ld\desktop\x265\common\common.dir\release\lowres.obj
c:\users\ld\desktop\x265\common\common.dir\release\piclist.obj
c:\users\ld\desktop\x265\common\common.dir\release\winxp.obj
c:\users\ld\desktop\x265\common\common.dir\release\intrapred.obj
c:\users\ld\desktop\x265\common\common.dir\release\loopfilter.obj
c:\users\ld\desktop\x265\common\common.dir\release\cpu.obj
c:\users\ld\desktop\x265\common\common.dir\release\threading.obj
c:\users\ld\desktop\x265\common\common.dir\release\md5.obj
c:\users\ld\desktop\x265\common\common.dir\release\bitstream.obj
c:\users\ld\desktop\x265\common\common.dir\release\param.obj
c:\users\ld\desktop\x265\common\common.dir\release\scalinglist.obj
c:\users\ld\desktop\x265\common\common.dir\release\quant.obj
c:\users\ld\desktop\x265\common\common.dir\release\pixel.obj
c:\users\ld\desktop\x265\common\common.dir\release\threadpool.obj
c:\users\ld\desktop\x265\common\common.dir\release\common.obj
c:\users\ld\desktop\x265\common\common.dir\release\slice.obj
c:\users\ld\desktop\x265\common\common.dir\release\dct.obj
c:\users\ld\desktop\x265\common\common.dir\release\constants.obj
c:\users\ld\desktop\x265\common\common.dir\release\wavefront.obj
c:\users\ld\desktop\x265\common\common.dir\release\yuv.obj
c:\users\ld\desktop\x265\common\common.dir\release\shortyuv.obj
c:\users\ld\desktop\x265\common\common.dir\release\framedata.obj
c:\users\ld\desktop\x265\common\common.dir\release\cudata.obj
c:\users\ld\desktop\x265\common\common.dir\release\predict.obj
c:\users\ld\desktop\x265\common\common.dir\release\deblock.obj
c:\users\ld\desktop\x265\common\common.dir\release\version.obj
c:\users\ld\desktop\x265\common\cmakefiles\generate.stamp
c:\users\ld\desktop\x265\common\common.dir\release\common.lib
c:\users\ld\desktop\x265\common\common.dir\release\common.tlog\cl.command.1.tlog
c:\users\ld\desktop\x265\common\common.dir\release\common.tlog\cl.read.1.tlog
c:\users\ld\desktop\x265\common\common.dir\release\common.tlog\cl.write.1.tlog
c:\users\ld\desktop\x265\common\common.dir\release\common.tlog\custombuild.command.1.tlog
c:\users\ld\desktop\x265\common\common.dir\release\common.tlog\custombuild.read.1.tlog
c:\users\ld\desktop\x265\common\common.dir\release\common.tlog\custombuild.write.1.tlog
c:\users\ld\desktop\x265\common\common.dir\release\common.tlog\lib-link.read.1.tlog
c:\users\ld\desktop\x265\common\common.dir\release\common.tlog\lib-link.write.1.tlog
c:\users\ld\desktop\x265\common\common.dir\release\common.tlog\lib.command.1.tlog
